#-----------------------------------------------------------
# Vivado v2018.2 (64-bit)
# SW Build 2258646 on Thu Jun 14 20:03:12 MDT 2018
# IP Build 2256618 on Thu Jun 14 22:10:49 MDT 2018
# Start of session at: Sun Jul 21 14:44:13 2024
# Process ID: 14208
# Current directory: D:/Documents/Courses/Degital Design_KW/Project 1/Spartan-6-FPGA-DSP48A1-Slice/project_DSP48A1
# Command line: vivado.exe -gui_launcher_event rodinguilauncherevent1492 D:\Documents\Courses\Degital Design_KW\Project 1\Spartan-6-FPGA-DSP48A1-Slice\project_DSP48A1\project_DSP48A1.xpr
# Log file: D:/Documents/Courses/Degital Design_KW/Project 1/Spartan-6-FPGA-DSP48A1-Slice/project_DSP48A1/vivado.log
# Journal file: D:/Documents/Courses/Degital Design_KW/Project 1/Spartan-6-FPGA-DSP48A1-Slice/project_DSP48A1\vivado.jou
#-----------------------------------------------------------
start_gui
open_project {D:/Documents/Courses/Degital Design_KW/Project 1/Spartan-6-FPGA-DSP48A1-Slice/project_DSP48A1/project_DSP48A1.xpr}
INFO: [ProjectBase 1-489] The host OS only allows 260 characters in a normal path. The project is stored in a path with more than 80 characters. If you experience issues with IP, Block Designs, or files not being found, please consider moving the project to a location with a shorter path. Alternately consider using the OS subst command to map part of the path to a drive letter.
Current project path is 'D:/Documents/Courses/Degital Design_KW/Project 1/Spartan-6-FPGA-DSP48A1-Slice/project_DSP48A1'
INFO: [Project 1-313] Project file moved from 'D:/Documents/Courses/Degital Design_KW/Project 1/project_DSP48A1' since last save.
CRITICAL WARNING: [Project 1-311] Could not find the file 'D:/Documents/Courses/Degital Design_KW/Project 1/Spartan-6-FPGA-DSP48A1-Slice/ff_mux.v', nor could it be found using path 'D:/Documents/Courses/Degital Design_KW/Project 1/ff_mux.v'.
Scanning sources...
Finished scanning sources
INFO: [IP_Flow 19-234] Refreshing IP repositories
INFO: [IP_Flow 19-1704] No user IP repositories specified
INFO: [IP_Flow 19-2313] Loaded Vivado IP repository 'C:/Xilinx/Vivado/2018.2/data/ip'.
update_compile_order -fileset sources_1
export_ip_user_files -of_objects  [get_files {{D:/Documents/Courses/Degital Design_KW/Project 1/Spartan-6-FPGA-DSP48A1-Slice/ff_mux.v}}] -no_script -reset -force -quiet
remove_files  {{D:/Documents/Courses/Degital Design_KW/Project 1/Spartan-6-FPGA-DSP48A1-Slice/ff_mux.v}}
export_ip_user_files -of_objects  [get_files {{D:/Documents/Courses/Degital Design_KW/Project 1/Spartan-6-FPGA-DSP48A1-Slice/project_DSP48A1/project_DSP48A1.srcs/sources_1/imports/Project 1/mux_4to1.v}}] -no_script -reset -force -quiet
export_ip_user_files -of_objects  [get_files {{D:/Documents/Courses/Degital Design_KW/Project 1/Spartan-6-FPGA-DSP48A1-Slice/project_DSP48A1/project_DSP48A1.srcs/sources_1/imports/Project 1/DSP48A1.v}}] -no_script -reset -force -quiet
remove_files  {{D:/Documents/Courses/Degital Design_KW/Project 1/Spartan-6-FPGA-DSP48A1-Slice/project_DSP48A1/project_DSP48A1.srcs/sources_1/imports/Project 1/mux_4to1.v} {D:/Documents/Courses/Degital Design_KW/Project 1/Spartan-6-FPGA-DSP48A1-Slice/project_DSP48A1/project_DSP48A1.srcs/sources_1/imports/Project 1/DSP48A1.v}}
import_files -norecurse {{D:/Documents/Courses/Degital Design_KW/Project 1/Spartan-6-FPGA-DSP48A1-Slice/src/ff_mux.v} {D:/Documents/Courses/Degital Design_KW/Project 1/Spartan-6-FPGA-DSP48A1-Slice/src/DSP48A1.v} {D:/Documents/Courses/Degital Design_KW/Project 1/Spartan-6-FPGA-DSP48A1-Slice/src/mux_4to1.v}}
update_compile_order -fileset sources_1
